[2021-05-16 14:48:28.881] [exthost] [info] extension host started
[2021-05-16 14:48:28.960] [exthost] [info] ExtensionService#_doActivateExtension vscode.microsoft-authentication {"startup":false,"extensionId":{"value":"vscode.microsoft-authentication","_lower":"vscode.microsoft-authentication"},"activationEvent":"onAuthenticationRequest:microsoft"}
[2021-05-16 14:48:28.960] [exthost] [info] ExtensionService#loadCommonJSModule file:///snap/code/65/usr/share/code/resources/app/extensions/microsoft-authentication/dist/extension.js
[2021-05-16 14:48:28.985] [exthost] [info] ExtensionService#_doActivateExtension vscode.configuration-editing {"startup":false,"extensionId":{"value":"vscode.configuration-editing","_lower":"vscode.configuration-editing"},"activationEvent":"onLanguage:json"}
[2021-05-16 14:48:28.985] [exthost] [info] ExtensionService#loadCommonJSModule file:///snap/code/65/usr/share/code/resources/app/extensions/configuration-editing/dist/configurationEditingMain
[2021-05-16 14:48:28.992] [exthost] [info] ExtensionService#_doActivateExtension vscode.extension-editing {"startup":false,"extensionId":{"value":"vscode.extension-editing","_lower":"vscode.extension-editing"},"activationEvent":"onLanguage:json"}
[2021-05-16 14:48:28.992] [exthost] [info] ExtensionService#loadCommonJSModule file:///snap/code/65/usr/share/code/resources/app/extensions/extension-editing/dist/extensionEditingMain
[2021-05-16 14:48:29.007] [exthost] [info] ExtensionService#_doActivateExtension vscode.json-language-features {"startup":false,"extensionId":{"value":"vscode.json-language-features","_lower":"vscode.json-language-features"},"activationEvent":"onLanguage:json"}
[2021-05-16 14:48:29.007] [exthost] [info] ExtensionService#loadCommonJSModule file:///snap/code/65/usr/share/code/resources/app/extensions/json-language-features/client/dist/node/jsonClientMain
[2021-05-16 14:48:29.056] [exthost] [info] ExtensionService#_doActivateExtension vscode.npm {"startup":false,"extensionId":{"value":"vscode.npm","_lower":"vscode.npm"},"activationEvent":"onLanguage:json"}
[2021-05-16 14:48:29.056] [exthost] [info] ExtensionService#loadCommonJSModule file:///snap/code/65/usr/share/code/resources/app/extensions/npm/dist/npmMain
[2021-05-16 14:48:29.086] [exthost] [info] ExtensionService#_doActivateExtension vscode.typescript-language-features {"startup":false,"extensionId":{"value":"vscode.typescript-language-features","_lower":"vscode.typescript-language-features"},"activationEvent":"onLanguage:typescript"}
[2021-05-16 14:48:29.086] [exthost] [info] ExtensionService#loadCommonJSModule file:///snap/code/65/usr/share/code/resources/app/extensions/typescript-language-features/dist/extension
[2021-05-16 14:48:29.114] [exthost] [info] ExtensionService#_doActivateExtension ms-vscode.cpptools {"startup":false,"extensionId":{"value":"ms-vscode.cpptools","_lower":"ms-vscode.cpptools"},"activationEvent":"onLanguage:cpp"}
[2021-05-16 14:48:29.114] [exthost] [info] ExtensionService#loadCommonJSModule file:///home/colin/.vscode/extensions/ms-vscode.cpptools-1.3.0-insiders5/dist/main
[2021-05-16 14:48:29.237] [exthost] [info] ExtensionService#_doActivateExtension vscode.debug-auto-launch {"startup":true,"extensionId":{"value":"vscode.debug-auto-launch","_lower":"vscode.debug-auto-launch"},"activationEvent":"*"}
[2021-05-16 14:48:29.237] [exthost] [info] ExtensionService#loadCommonJSModule file:///snap/code/65/usr/share/code/resources/app/extensions/debug-auto-launch/dist/extension
[2021-05-16 14:48:29.240] [exthost] [info] ExtensionService#_doActivateExtension vscode.git {"startup":true,"extensionId":{"value":"vscode.github","_lower":"vscode.github"},"activationEvent":"*"}
[2021-05-16 14:48:29.240] [exthost] [info] ExtensionService#loadCommonJSModule file:///snap/code/65/usr/share/code/resources/app/extensions/git/dist/main
[2021-05-16 14:48:29.493] [exthost] [info] ExtensionService#_doActivateExtension vscode.github {"startup":true,"extensionId":{"value":"vscode.github","_lower":"vscode.github"},"activationEvent":"*"}
[2021-05-16 14:48:29.493] [exthost] [info] ExtensionService#loadCommonJSModule file:///snap/code/65/usr/share/code/resources/app/extensions/github/dist/extension.js
[2021-05-16 14:48:29.534] [exthost] [info] ExtensionService#_doActivateExtension ms-vscode.js-debug {"startup":false,"extensionId":{"value":"ms-vscode.js-debug","_lower":"ms-vscode.js-debug"},"activationEvent":"onCommand:extension.js-debug.clearAutoAttachVariables"}
[2021-05-16 14:48:29.534] [exthost] [info] ExtensionService#loadCommonJSModule file:///snap/code/65/usr/share/code/resources/app/extensions/ms-vscode.js-debug/src/extension.js
[2021-05-16 14:48:29.770] [exthost] [info] eager extensions activated
[2021-05-16 14:48:29.791] [exthost] [info] ExtensionService#_doActivateExtension vscode.emmet {"startup":false,"extensionId":{"value":"vscode.emmet","_lower":"vscode.emmet"},"activationEvent":"onStartupFinished"}
[2021-05-16 14:48:29.791] [exthost] [info] ExtensionService#loadCommonJSModule file:///snap/code/65/usr/share/code/resources/app/extensions/emmet/dist/node/emmetNodeMain
[2021-05-16 14:48:29.811] [exthost] [info] ExtensionService#_doActivateExtension vscode.merge-conflict {"startup":false,"extensionId":{"value":"vscode.merge-conflict","_lower":"vscode.merge-conflict"},"activationEvent":"onStartupFinished"}
[2021-05-16 14:48:29.811] [exthost] [info] ExtensionService#loadCommonJSModule file:///snap/code/65/usr/share/code/resources/app/extensions/merge-conflict/dist/mergeConflictMain
[2021-05-16 14:48:29.815] [exthost] [info] ExtensionService#_doActivateExtension vscode.testing-editor-contributions {"startup":false,"extensionId":{"value":"vscode.testing-editor-contributions","_lower":"vscode.testing-editor-contributions"},"activationEvent":"onStartupFinished"}
[2021-05-16 14:48:29.815] [exthost] [info] ExtensionService#loadCommonJSModule file:///snap/code/65/usr/share/code/resources/app/extensions/testing-editor-contributions/dist/extension.js
[2021-05-16 14:48:29.941] [exthost] [info] ExtensionService#_doActivateExtension vscode.github-authentication {"startup":false,"extensionId":{"value":"vscode.github-authentication","_lower":"vscode.github-authentication"},"activationEvent":"onAuthenticationRequest:github"}
[2021-05-16 14:48:29.941] [exthost] [info] ExtensionService#loadCommonJSModule file:///snap/code/65/usr/share/code/resources/app/extensions/github-authentication/dist/extension.js
[2021-05-16 14:48:30.559] [exthost] [error] [ms-vscode.cpptools] provider FAILED
[2021-05-16 14:48:30.559] [exthost] [error] undefined
[2021-05-16 14:49:25.008] [exthost] [info] extension host terminating: received terminate message from renderer
[2021-05-16 14:49:26.019] [exthost] [info] exiting with code 0
[2021-05-16 14:49:26.552] [exthost] [info] extension host started
[2021-05-16 14:49:26.685] [exthost] [info] ExtensionService#_doActivateExtension vscode.microsoft-authentication {"startup":false,"extensionId":{"value":"vscode.microsoft-authentication","_lower":"vscode.microsoft-authentication"},"activationEvent":"onAuthenticationRequest:microsoft"}
[2021-05-16 14:49:26.685] [exthost] [info] ExtensionService#loadCommonJSModule file:///snap/code/65/usr/share/code/resources/app/extensions/microsoft-authentication/dist/extension.js
[2021-05-16 14:49:26.696] [exthost] [info] ExtensionService#_doActivateExtension vscode.debug-auto-launch {"startup":true,"extensionId":{"value":"vscode.debug-auto-launch","_lower":"vscode.debug-auto-launch"},"activationEvent":"*"}
[2021-05-16 14:49:26.696] [exthost] [info] ExtensionService#loadCommonJSModule file:///snap/code/65/usr/share/code/resources/app/extensions/debug-auto-launch/dist/extension
[2021-05-16 14:49:26.700] [exthost] [info] ExtensionService#_doActivateExtension vscode.git {"startup":true,"extensionId":{"value":"vscode.github","_lower":"vscode.github"},"activationEvent":"*"}
[2021-05-16 14:49:26.700] [exthost] [info] ExtensionService#loadCommonJSModule file:///snap/code/65/usr/share/code/resources/app/extensions/git/dist/main
[2021-05-16 14:49:26.721] [exthost] [info] ExtensionService#_doActivateExtension ms-vscode.cpptools {"startup":true,"extensionId":{"value":"ms-vscode.cpptools","_lower":"ms-vscode.cpptools"},"activationEvent":"*"}
[2021-05-16 14:49:26.721] [exthost] [info] ExtensionService#loadCommonJSModule file:///home/colin/.vscode/extensions/ms-vscode.cpptools-1.4.0-insiders/dist/main
[2021-05-16 14:49:27.117] [exthost] [info] ExtensionService#_doActivateExtension ms-vscode.js-debug {"startup":false,"extensionId":{"value":"ms-vscode.js-debug","_lower":"ms-vscode.js-debug"},"activationEvent":"onCommand:extension.js-debug.clearAutoAttachVariables"}
[2021-05-16 14:49:27.117] [exthost] [info] ExtensionService#loadCommonJSModule file:///snap/code/65/usr/share/code/resources/app/extensions/ms-vscode.js-debug/src/extension.js
[2021-05-16 14:49:27.222] [exthost] [info] ExtensionService#_doActivateExtension vscode.github {"startup":false,"extensionId":{"value":"vscode.github","_lower":"vscode.github"},"activationEvent":"*"}
[2021-05-16 14:49:27.222] [exthost] [info] ExtensionService#loadCommonJSModule file:///snap/code/65/usr/share/code/resources/app/extensions/github/dist/extension.js
[2021-05-16 14:49:27.377] [exthost] [info] ExtensionService#_doActivateExtension vscode.github-authentication {"startup":false,"extensionId":{"value":"vscode.github-authentication","_lower":"vscode.github-authentication"},"activationEvent":"onAuthenticationRequest:github"}
[2021-05-16 14:49:27.377] [exthost] [info] ExtensionService#loadCommonJSModule file:///snap/code/65/usr/share/code/resources/app/extensions/github-authentication/dist/extension.js
[2021-05-16 14:49:27.496] [exthost] [info] eager extensions activated
[2021-05-16 14:49:27.500] [exthost] [info] ExtensionService#_doActivateExtension vscode.emmet {"startup":false,"extensionId":{"value":"vscode.emmet","_lower":"vscode.emmet"},"activationEvent":"onStartupFinished"}
[2021-05-16 14:49:27.500] [exthost] [info] ExtensionService#loadCommonJSModule file:///snap/code/65/usr/share/code/resources/app/extensions/emmet/dist/node/emmetNodeMain
[2021-05-16 14:49:27.506] [exthost] [info] ExtensionService#_doActivateExtension vscode.merge-conflict {"startup":false,"extensionId":{"value":"vscode.merge-conflict","_lower":"vscode.merge-conflict"},"activationEvent":"onStartupFinished"}
[2021-05-16 14:49:27.506] [exthost] [info] ExtensionService#loadCommonJSModule file:///snap/code/65/usr/share/code/resources/app/extensions/merge-conflict/dist/mergeConflictMain
[2021-05-16 14:49:27.507] [exthost] [info] ExtensionService#_doActivateExtension vscode.testing-editor-contributions {"startup":false,"extensionId":{"value":"vscode.testing-editor-contributions","_lower":"vscode.testing-editor-contributions"},"activationEvent":"onStartupFinished"}
[2021-05-16 14:49:27.507] [exthost] [info] ExtensionService#loadCommonJSModule file:///snap/code/65/usr/share/code/resources/app/extensions/testing-editor-contributions/dist/extension.js
[2021-05-16 14:51:36.098] [exthost] [info] extension host terminating: received terminate message from renderer
[2021-05-16 14:51:37.106] [exthost] [info] exiting with code 0
[2021-05-16 14:51:37.458] [exthost] [info] extension host started
[2021-05-16 14:51:37.495] [exthost] [info] ExtensionService#_doActivateExtension vscode.microsoft-authentication {"startup":false,"extensionId":{"value":"vscode.microsoft-authentication","_lower":"vscode.microsoft-authentication"},"activationEvent":"onAuthenticationRequest:microsoft"}
[2021-05-16 14:51:37.495] [exthost] [info] ExtensionService#loadCommonJSModule file:///snap/code/65/usr/share/code/resources/app/extensions/microsoft-authentication/dist/extension.js
[2021-05-16 14:51:37.502] [exthost] [info] ExtensionService#_doActivateExtension vscode.debug-auto-launch {"startup":true,"extensionId":{"value":"vscode.debug-auto-launch","_lower":"vscode.debug-auto-launch"},"activationEvent":"*"}
[2021-05-16 14:51:37.502] [exthost] [info] ExtensionService#loadCommonJSModule file:///snap/code/65/usr/share/code/resources/app/extensions/debug-auto-launch/dist/extension
[2021-05-16 14:51:37.504] [exthost] [info] ExtensionService#_doActivateExtension vscode.git {"startup":true,"extensionId":{"value":"vscode.github","_lower":"vscode.github"},"activationEvent":"*"}
[2021-05-16 14:51:37.504] [exthost] [info] ExtensionService#loadCommonJSModule file:///snap/code/65/usr/share/code/resources/app/extensions/git/dist/main
[2021-05-16 14:51:37.518] [exthost] [info] ExtensionService#_doActivateExtension ms-vscode.cpptools {"startup":true,"extensionId":{"value":"ms-vscode.cpptools","_lower":"ms-vscode.cpptools"},"activationEvent":"*"}
[2021-05-16 14:51:37.518] [exthost] [info] ExtensionService#loadCommonJSModule file:///home/colin/.vscode/extensions/ms-vscode.cpptools-1.4.0-insiders/dist/main
[2021-05-16 14:51:37.619] [exthost] [info] ExtensionService#_doActivateExtension ms-vscode.js-debug {"startup":false,"extensionId":{"value":"ms-vscode.js-debug","_lower":"ms-vscode.js-debug"},"activationEvent":"onCommand:extension.js-debug.clearAutoAttachVariables"}
[2021-05-16 14:51:37.619] [exthost] [info] ExtensionService#loadCommonJSModule file:///snap/code/65/usr/share/code/resources/app/extensions/ms-vscode.js-debug/src/extension.js
[2021-05-16 14:51:37.712] [exthost] [info] ExtensionService#_doActivateExtension vscode.github {"startup":false,"extensionId":{"value":"vscode.github","_lower":"vscode.github"},"activationEvent":"*"}
[2021-05-16 14:51:37.712] [exthost] [info] ExtensionService#loadCommonJSModule file:///snap/code/65/usr/share/code/resources/app/extensions/github/dist/extension.js
[2021-05-16 14:51:37.752] [exthost] [info] ExtensionService#_doActivateExtension vscode.github-authentication {"startup":false,"extensionId":{"value":"vscode.github-authentication","_lower":"vscode.github-authentication"},"activationEvent":"onAuthenticationRequest:github"}
[2021-05-16 14:51:37.752] [exthost] [info] ExtensionService#loadCommonJSModule file:///snap/code/65/usr/share/code/resources/app/extensions/github-authentication/dist/extension.js
[2021-05-16 14:51:37.808] [exthost] [info] eager extensions activated
[2021-05-16 14:51:37.810] [exthost] [info] ExtensionService#_doActivateExtension vscode.emmet {"startup":false,"extensionId":{"value":"vscode.emmet","_lower":"vscode.emmet"},"activationEvent":"onStartupFinished"}
[2021-05-16 14:51:37.810] [exthost] [info] ExtensionService#loadCommonJSModule file:///snap/code/65/usr/share/code/resources/app/extensions/emmet/dist/node/emmetNodeMain
[2021-05-16 14:51:37.817] [exthost] [info] ExtensionService#_doActivateExtension vscode.merge-conflict {"startup":false,"extensionId":{"value":"vscode.merge-conflict","_lower":"vscode.merge-conflict"},"activationEvent":"onStartupFinished"}
[2021-05-16 14:51:37.817] [exthost] [info] ExtensionService#loadCommonJSModule file:///snap/code/65/usr/share/code/resources/app/extensions/merge-conflict/dist/mergeConflictMain
[2021-05-16 14:51:37.819] [exthost] [info] ExtensionService#_doActivateExtension vscode.testing-editor-contributions {"startup":false,"extensionId":{"value":"vscode.testing-editor-contributions","_lower":"vscode.testing-editor-contributions"},"activationEvent":"onStartupFinished"}
[2021-05-16 14:51:37.819] [exthost] [info] ExtensionService#loadCommonJSModule file:///snap/code/65/usr/share/code/resources/app/extensions/testing-editor-contributions/dist/extension.js
[2021-05-16 14:51:47.472] [exthost] [info] extension host terminating: received terminate message from renderer
[2021-05-16 14:51:48.480] [exthost] [info] exiting with code 0
[2021-05-16 14:51:48.983] [exthost] [info] extension host started
[2021-05-16 14:51:49.029] [exthost] [info] ExtensionService#_doActivateExtension vscode.microsoft-authentication {"startup":false,"extensionId":{"value":"vscode.microsoft-authentication","_lower":"vscode.microsoft-authentication"},"activationEvent":"onAuthenticationRequest:microsoft"}
[2021-05-16 14:51:49.029] [exthost] [info] ExtensionService#loadCommonJSModule file:///snap/code/65/usr/share/code/resources/app/extensions/microsoft-authentication/dist/extension.js
[2021-05-16 14:51:49.037] [exthost] [info] ExtensionService#_doActivateExtension vscode.debug-auto-launch {"startup":true,"extensionId":{"value":"vscode.debug-auto-launch","_lower":"vscode.debug-auto-launch"},"activationEvent":"*"}
[2021-05-16 14:51:49.037] [exthost] [info] ExtensionService#loadCommonJSModule file:///snap/code/65/usr/share/code/resources/app/extensions/debug-auto-launch/dist/extension
[2021-05-16 14:51:49.039] [exthost] [info] ExtensionService#_doActivateExtension vscode.git {"startup":true,"extensionId":{"value":"vscode.github","_lower":"vscode.github"},"activationEvent":"*"}
[2021-05-16 14:51:49.039] [exthost] [info] ExtensionService#loadCommonJSModule file:///snap/code/65/usr/share/code/resources/app/extensions/git/dist/main
[2021-05-16 14:51:49.112] [exthost] [info] ExtensionService#_doActivateExtension vscode.github {"startup":true,"extensionId":{"value":"vscode.github","_lower":"vscode.github"},"activationEvent":"*"}
[2021-05-16 14:51:49.112] [exthost] [info] ExtensionService#loadCommonJSModule file:///snap/code/65/usr/share/code/resources/app/extensions/github/dist/extension.js
[2021-05-16 14:51:49.142] [exthost] [info] eager extensions activated
[2021-05-16 14:51:49.143] [exthost] [info] ExtensionService#_doActivateExtension ms-vscode.js-debug {"startup":false,"extensionId":{"value":"ms-vscode.js-debug","_lower":"ms-vscode.js-debug"},"activationEvent":"onCommand:extension.js-debug.clearAutoAttachVariables"}
[2021-05-16 14:51:49.143] [exthost] [info] ExtensionService#loadCommonJSModule file:///snap/code/65/usr/share/code/resources/app/extensions/ms-vscode.js-debug/src/extension.js
[2021-05-16 14:51:49.236] [exthost] [info] ExtensionService#_doActivateExtension vscode.emmet {"startup":false,"extensionId":{"value":"vscode.emmet","_lower":"vscode.emmet"},"activationEvent":"onStartupFinished"}
[2021-05-16 14:51:49.236] [exthost] [info] ExtensionService#loadCommonJSModule file:///snap/code/65/usr/share/code/resources/app/extensions/emmet/dist/node/emmetNodeMain
[2021-05-16 14:51:49.241] [exthost] [info] ExtensionService#_doActivateExtension vscode.merge-conflict {"startup":false,"extensionId":{"value":"vscode.merge-conflict","_lower":"vscode.merge-conflict"},"activationEvent":"onStartupFinished"}
[2021-05-16 14:51:49.241] [exthost] [info] ExtensionService#loadCommonJSModule file:///snap/code/65/usr/share/code/resources/app/extensions/merge-conflict/dist/mergeConflictMain
[2021-05-16 14:51:49.242] [exthost] [info] ExtensionService#_doActivateExtension vscode.testing-editor-contributions {"startup":false,"extensionId":{"value":"vscode.testing-editor-contributions","_lower":"vscode.testing-editor-contributions"},"activationEvent":"onStartupFinished"}
[2021-05-16 14:51:49.242] [exthost] [info] ExtensionService#loadCommonJSModule file:///snap/code/65/usr/share/code/resources/app/extensions/testing-editor-contributions/dist/extension.js
[2021-05-16 14:51:49.261] [exthost] [info] ExtensionService#_doActivateExtension vscode.github-authentication {"startup":false,"extensionId":{"value":"vscode.github-authentication","_lower":"vscode.github-authentication"},"activationEvent":"onAuthenticationRequest:github"}
[2021-05-16 14:51:49.261] [exthost] [info] ExtensionService#loadCommonJSModule file:///snap/code/65/usr/share/code/resources/app/extensions/github-authentication/dist/extension.js
[2021-05-16 14:51:56.875] [exthost] [info] ExtensionService#_doActivateExtension ms-vscode.cpptools {"startup":false,"extensionId":{"value":"ms-vscode.cpptools","_lower":"ms-vscode.cpptools"},"activationEvent":"onLanguage:cpp"}
[2021-05-16 14:51:56.875] [exthost] [info] ExtensionService#loadCommonJSModule file:///home/colin/.vscode/extensions/ms-vscode.cpptools-1.4.0-insiders/dist/main
[2021-05-16 14:52:26.998] [exthost] [info] ExtensionService#_doActivateExtension vscode.configuration-editing {"startup":false,"extensionId":{"value":"vscode.configuration-editing","_lower":"vscode.configuration-editing"},"activationEvent":"onLanguage:jsonc"}
[2021-05-16 14:52:26.999] [exthost] [info] ExtensionService#loadCommonJSModule file:///snap/code/65/usr/share/code/resources/app/extensions/configuration-editing/dist/configurationEditingMain
[2021-05-16 14:52:27.006] [exthost] [info] ExtensionService#_doActivateExtension vscode.json-language-features {"startup":false,"extensionId":{"value":"vscode.json-language-features","_lower":"vscode.json-language-features"},"activationEvent":"onLanguage:jsonc"}
[2021-05-16 14:52:27.006] [exthost] [info] ExtensionService#loadCommonJSModule file:///snap/code/65/usr/share/code/resources/app/extensions/json-language-features/client/dist/node/jsonClientMain
[2021-05-16 14:52:27.024] [exthost] [info] ExtensionService#_doActivateExtension vscode.typescript-language-features {"startup":false,"extensionId":{"value":"vscode.typescript-language-features","_lower":"vscode.typescript-language-features"},"activationEvent":"onLanguage:jsonc"}
[2021-05-16 14:52:27.024] [exthost] [info] ExtensionService#loadCommonJSModule file:///snap/code/65/usr/share/code/resources/app/extensions/typescript-language-features/dist/extension
[2021-05-16 14:52:34.426] [exthost] [info] ExtensionService#_doActivateExtension wraith13.zoombar-vscode {"startup":false,"extensionId":{"value":"wraith13.zoombar-vscode","_lower":"wraith13.zoombar-vscode"},"activationEvent":"*"}
[2021-05-16 14:52:34.426] [exthost] [info] ExtensionService#loadCommonJSModule file:///home/colin/.vscode/extensions/wraith13.zoombar-vscode-1.4.0/out/source/extension
[2021-05-16 17:59:06.606] [exthost] [info] extension host terminating: parent process 6237 does not exist anymore: kill ESRCH (code: ESRCH) (errno: -3)
[2021-05-16 17:59:06.626] [exthost] [error] [ms-vscode.cpptools] provider FAILED
[2021-05-16 17:59:06.626] [exthost] [error] Error: Connection got disposed.
	at Object.dispose (/home/colin/.vscode/extensions/ms-vscode.cpptools-1.4.0-insiders/dist/main.js:50722:25)
	at Object.dispose (/home/colin/.vscode/extensions/ms-vscode.cpptools-1.4.0-insiders/dist/main.js:51642:35)
	at /home/colin/.vscode/extensions/ms-vscode.cpptools-1.4.0-insiders/dist/main.js:53636:28
	at async Promise.all (index 12)
	at async deactivateAll (/snap/code/65/usr/share/code/resources/app/out/vs/workbench/services/extensions/node/extensionHostProcess.js:92:9916)
[2021-05-16 17:59:06.626] [exthost] [error] [ms-vscode.cpptools] provider FAILED
[2021-05-16 17:59:06.626] [exthost] [error] Error: Connection got disposed.
	at Object.dispose (/home/colin/.vscode/extensions/ms-vscode.cpptools-1.4.0-insiders/dist/main.js:50722:25)
	at Object.dispose (/home/colin/.vscode/extensions/ms-vscode.cpptools-1.4.0-insiders/dist/main.js:51642:35)
	at /home/colin/.vscode/extensions/ms-vscode.cpptools-1.4.0-insiders/dist/main.js:53636:28
	at async Promise.all (index 12)
	at async deactivateAll (/snap/code/65/usr/share/code/resources/app/out/vs/workbench/services/extensions/node/extensionHostProcess.js:92:9916)
[2021-05-16 17:59:06.626] [exthost] [error] [ms-vscode.cpptools] provider FAILED
[2021-05-16 17:59:06.626] [exthost] [error] Error: Connection got disposed.
	at Object.dispose (/home/colin/.vscode/extensions/ms-vscode.cpptools-1.4.0-insiders/dist/main.js:50722:25)
	at Object.dispose (/home/colin/.vscode/extensions/ms-vscode.cpptools-1.4.0-insiders/dist/main.js:51642:35)
	at /home/colin/.vscode/extensions/ms-vscode.cpptools-1.4.0-insiders/dist/main.js:53636:28
	at async Promise.all (index 12)
	at async deactivateAll (/snap/code/65/usr/share/code/resources/app/out/vs/workbench/services/extensions/node/extensionHostProcess.js:92:9916)
[2021-05-16 17:59:06.626] [exthost] [error] [ms-vscode.cpptools] provider FAILED
[2021-05-16 17:59:06.626] [exthost] [error] Error: Connection got disposed.
	at Object.dispose (/home/colin/.vscode/extensions/ms-vscode.cpptools-1.4.0-insiders/dist/main.js:50722:25)
	at Object.dispose (/home/colin/.vscode/extensions/ms-vscode.cpptools-1.4.0-insiders/dist/main.js:51642:35)
	at /home/colin/.vscode/extensions/ms-vscode.cpptools-1.4.0-insiders/dist/main.js:53636:28
	at async Promise.all (index 12)
	at async deactivateAll (/snap/code/65/usr/share/code/resources/app/out/vs/workbench/services/extensions/node/extensionHostProcess.js:92:9916)
[2021-05-16 17:59:06.626] [exthost] [error] [ms-vscode.cpptools] provider FAILED
[2021-05-16 17:59:06.626] [exthost] [error] Error: Connection got disposed.
	at Object.dispose (/home/colin/.vscode/extensions/ms-vscode.cpptools-1.4.0-insiders/dist/main.js:50722:25)
	at Object.dispose (/home/colin/.vscode/extensions/ms-vscode.cpptools-1.4.0-insiders/dist/main.js:51642:35)
	at /home/colin/.vscode/extensions/ms-vscode.cpptools-1.4.0-insiders/dist/main.js:53636:28
	at async Promise.all (index 12)
	at async deactivateAll (/snap/code/65/usr/share/code/resources/app/out/vs/workbench/services/extensions/node/extensionHostProcess.js:92:9916)
[2021-05-16 17:59:06.626] [exthost] [error] [ms-vscode.cpptools] provider FAILED
[2021-05-16 17:59:06.626] [exthost] [error] Error: Connection got disposed.
	at Object.dispose (/home/colin/.vscode/extensions/ms-vscode.cpptools-1.4.0-insiders/dist/main.js:50722:25)
	at Object.dispose (/home/colin/.vscode/extensions/ms-vscode.cpptools-1.4.0-insiders/dist/main.js:51642:35)
	at /home/colin/.vscode/extensions/ms-vscode.cpptools-1.4.0-insiders/dist/main.js:53636:28
	at async Promise.all (index 12)
	at async deactivateAll (/snap/code/65/usr/share/code/resources/app/out/vs/workbench/services/extensions/node/extensionHostProcess.js:92:9916)
[2021-05-16 17:59:06.626] [exthost] [error] [ms-vscode.cpptools] provider FAILED
[2021-05-16 17:59:06.626] [exthost] [error] Error: Connection got disposed.
	at Object.dispose (/home/colin/.vscode/extensions/ms-vscode.cpptools-1.4.0-insiders/dist/main.js:50722:25)
	at Object.dispose (/home/colin/.vscode/extensions/ms-vscode.cpptools-1.4.0-insiders/dist/main.js:51642:35)
	at /home/colin/.vscode/extensions/ms-vscode.cpptools-1.4.0-insiders/dist/main.js:53636:28
	at async Promise.all (index 12)
	at async deactivateAll (/snap/code/65/usr/share/code/resources/app/out/vs/workbench/services/extensions/node/extensionHostProcess.js:92:9916)
[2021-05-16 17:59:06.626] [exthost] [error] [ms-vscode.cpptools] provider FAILED
[2021-05-16 17:59:06.626] [exthost] [error] Error: Connection got disposed.
	at Object.dispose (/home/colin/.vscode/extensions/ms-vscode.cpptools-1.4.0-insiders/dist/main.js:50722:25)
	at Object.dispose (/home/colin/.vscode/extensions/ms-vscode.cpptools-1.4.0-insiders/dist/main.js:51642:35)
	at /home/colin/.vscode/extensions/ms-vscode.cpptools-1.4.0-insiders/dist/main.js:53636:28
	at async Promise.all (index 12)
	at async deactivateAll (/snap/code/65/usr/share/code/resources/app/out/vs/workbench/services/extensions/node/extensionHostProcess.js:92:9916)
[2021-05-16 17:59:06.626] [exthost] [error] [ms-vscode.cpptools] provider FAILED
[2021-05-16 17:59:06.626] [exthost] [error] Error: Connection got disposed.
	at Object.dispose (/home/colin/.vscode/extensions/ms-vscode.cpptools-1.4.0-insiders/dist/main.js:50722:25)
	at Object.dispose (/home/colin/.vscode/extensions/ms-vscode.cpptools-1.4.0-insiders/dist/main.js:51642:35)
	at /home/colin/.vscode/extensions/ms-vscode.cpptools-1.4.0-insiders/dist/main.js:53636:28
	at async Promise.all (index 12)
	at async deactivateAll (/snap/code/65/usr/share/code/resources/app/out/vs/workbench/services/extensions/node/extensionHostProcess.js:92:9916)
[2021-05-16 17:59:06.626] [exthost] [error] [ms-vscode.cpptools] provider FAILED
[2021-05-16 17:59:06.626] [exthost] [error] Error: Connection got disposed.
	at Object.dispose (/home/colin/.vscode/extensions/ms-vscode.cpptools-1.4.0-insiders/dist/main.js:50722:25)
	at Object.dispose (/home/colin/.vscode/extensions/ms-vscode.cpptools-1.4.0-insiders/dist/main.js:51642:35)
	at /home/colin/.vscode/extensions/ms-vscode.cpptools-1.4.0-insiders/dist/main.js:53636:28
	at async Promise.all (index 12)
	at async deactivateAll (/snap/code/65/usr/share/code/resources/app/out/vs/workbench/services/extensions/node/extensionHostProcess.js:92:9916)
[2021-05-16 17:59:06.626] [exthost] [error] [ms-vscode.cpptools] provider FAILED
[2021-05-16 17:59:06.626] [exthost] [error] Error: Connection got disposed.
	at Object.dispose (/home/colin/.vscode/extensions/ms-vscode.cpptools-1.4.0-insiders/dist/main.js:50722:25)
	at Object.dispose (/home/colin/.vscode/extensions/ms-vscode.cpptools-1.4.0-insiders/dist/main.js:51642:35)
	at /home/colin/.vscode/extensions/ms-vscode.cpptools-1.4.0-insiders/dist/main.js:53636:28
	at async Promise.all (index 12)
	at async deactivateAll (/snap/code/65/usr/share/code/resources/app/out/vs/workbench/services/extensions/node/extensionHostProcess.js:92:9916)
[2021-05-16 17:59:06.627] [exthost] [error] [ms-vscode.cpptools] provider FAILED
[2021-05-16 17:59:06.627] [exthost] [error] Error: Connection got disposed.
	at Object.dispose (/home/colin/.vscode/extensions/ms-vscode.cpptools-1.4.0-insiders/dist/main.js:50722:25)
	at Object.dispose (/home/colin/.vscode/extensions/ms-vscode.cpptools-1.4.0-insiders/dist/main.js:51642:35)
	at /home/colin/.vscode/extensions/ms-vscode.cpptools-1.4.0-insiders/dist/main.js:53636:28
	at async Promise.all (index 12)
	at async deactivateAll (/snap/code/65/usr/share/code/resources/app/out/vs/workbench/services/extensions/node/extensionHostProcess.js:92:9916)
[2021-05-16 17:59:06.627] [exthost] [error] [ms-vscode.cpptools] provider FAILED
[2021-05-16 17:59:06.627] [exthost] [error] Error: Connection got disposed.
	at Object.dispose (/home/colin/.vscode/extensions/ms-vscode.cpptools-1.4.0-insiders/dist/main.js:50722:25)
	at Object.dispose (/home/colin/.vscode/extensions/ms-vscode.cpptools-1.4.0-insiders/dist/main.js:51642:35)
	at /home/colin/.vscode/extensions/ms-vscode.cpptools-1.4.0-insiders/dist/main.js:53636:28
	at async Promise.all (index 12)
	at async deact