[2021-04-13 12:51:18.618] [exthost] [info] extension host started
[2021-04-13 12:51:18.676] [exthost] [info] ExtensionService#_doActivateExtension vscode.microsoft-authentication {"startup":false,"extensionId":{"value":"vscode.microsoft-authentication","_lower":"vscode.microsoft-authentication"},"activationEvent":"onAuthenticationRequest:microsoft"}
[2021-04-13 12:51:18.676] [exthost] [info] ExtensionService#loadCommonJSModule file:///snap/code/61/usr/share/code/resources/app/extensions/microsoft-authentication/dist/extension.js
[2021-04-13 12:51:18.692] [exthost] [info] ExtensionService#_doActivateExtension ms-vscode.cpptools {"startup":false,"extensionId":{"value":"ms-vscode.cpptools","_lower":"ms-vscode.cpptools"},"activationEvent":"onLanguage:cpp"}
[2021-04-13 12:51:18.692] [exthost] [info] ExtensionService#loadCommonJSModule file:///home/colin/.vscode/extensions/ms-vscode.cpptools-1.2.2/dist/main
[2021-04-13 12:51:18.796] [exthost] [info] ExtensionService#_doActivateExtension vscode.debug-auto-launch {"startup":true,"extensionId":{"value":"vscode.debug-auto-launch","_lower":"vscode.debug-auto-launch"},"activationEvent":"*"}
[2021-04-13 12:51:18.796] [exthost] [info] ExtensionService#loadCommonJSModule file:///snap/code/61/usr/share/code/resources/app/extensions/debug-auto-launch/dist/extension
[2021-04-13 12:51:18.799] [exthost] [info] ExtensionService#_doActivateExtension vscode.git {"startup":true,"extensionId":{"value":"vscode.github","_lower":"vscode.github"},"activationEvent":"*"}
[2021-04-13 12:51:18.799] [exthost] [info] ExtensionService#loadCommonJSModule file:///snap/code/61/usr/share/code/resources/app/extensions/git/dist/main
[2021-04-13 12:51:19.281] [exthost] [info] ExtensionService#_doActivateExtension ms-vscode.js-debug {"startup":false,"extensionId":{"value":"ms-vscode.js-debug","_lower":"ms-vscode.js-debug"},"activationEvent":"onCommand:extension.js-debug.clearAutoAttachVariables"}
[2021-04-13 12:51:19.281] [exthost] [info] ExtensionService#loadCommonJSModule file:///snap/code/61/usr/share/code/resources/app/extensions/ms-vscode.js-debug/src/extension.js
[2021-04-13 12:51:19.443] [exthost] [info] ExtensionService#_doActivateExtension vscode.github {"startup":true,"extensionId":{"value":"vscode.github","_lower":"vscode.github"},"activationEvent":"*"}
[2021-04-13 12:51:19.443] [exthost] [info] ExtensionService#loadCommonJSModule file:///snap/code/61/usr/share/code/resources/app/extensions/github/dist/extension.js
[2021-04-13 12:51:19.474] [exthost] [info] eager extensions activated
[2021-04-13 12:51:19.492] [exthost] [info] ExtensionService#_doActivateExtension vscode.github-authentication {"startup":false,"extensionId":{"value":"vscode.github-authentication","_lower":"vscode.github-authentication"},"activationEvent":"onAuthenticationRequest:github"}
[2021-04-13 12:51:19.492] [exthost] [info] ExtensionService#loadCommonJSModule file:///snap/code/61/usr/share/code/resources/app/extensions/github-authentication/dist/extension.js
[2021-04-13 12:51:19.501] [exthost] [info] ExtensionService#_doActivateExtension vscode.emmet {"startup":false,"extensionId":{"value":"vscode.emmet","_lower":"vscode.emmet"},"activationEvent":"onStartupFinished"}
[2021-04-13 12:51:19.501] [exthost] [info] ExtensionService#loadCommonJSModule file:///snap/code/61/usr/share/code/resources/app/extensions/emmet/dist/node/emmetNodeMain
[2021-04-13 12:51:19.508] [exthost] [info] ExtensionService#_doActivateExtension vscode.merge-conflict {"startup":false,"extensionId":{"value":"vscode.merge-conflict","_lower":"vscode.merge-conflict"},"activationEvent":"onStartupFinished"}
[2021-04-13 12:51:19.508] [exthost] [info] ExtensionService#loadCommonJSModule file:///snap/code/61/usr/share/code/resources/app/extensions/merge-conflict/dist/mergeConflictMain
[2021-04-13 12:51:19.510] [exthost] [info] ExtensionService#_doActivateExtension vscode.testing-editor-contributions {"startup":false,"extensionId":{"value":"vscode.testing-editor-contributions","_lower":"vscode.testing-editor-contributions"},"activationEvent":"onStartupFinished"}
[2021-04-13 12:51:19.510] [exthost] [info] ExtensionService#loadCommonJSModule file:///snap/code/61/usr/share/code/resources/app/extensions/testing-editor-contributions/dist/extension.js
[2021-04-13 12:52:03.832] [exthost] [info] extension host terminating: received terminate message from renderer
[2021-04-13 12:52:04.842] [exthost] [info] exiting with code 0
[2021-04-13 12:52:05.011] [exthost] [info] extension host started
[2021-04-13 12:52:05.049] [exthost] [info] ExtensionService#_doActivateExtension vscode.microsoft-authentication {"startup":false,"extensionId":{"value":"vscode.microsoft-authentication","_lower":"vscode.microsoft-authentication"},"activationEvent":"onAuthenticationRequest:microsoft"}
[2021-04-13 12:52:05.049] [exthost] [info] ExtensionService#loadCommonJSModule file:///snap/code/61/usr/share/code/resources/app/extensions/microsoft-authentication/dist/extension.js
[2021-04-13 12:52:05.059] [exthost] [info] ExtensionService#_doActivateExtension vscode.debug-auto-launch {"startup":true,"extensionId":{"value":"vscode.debug-auto-launch","_lower":"vscode.debug-auto-launch"},"activationEvent":"*"}
[2021-04-13 12:52:05.059] [exthost] [info] ExtensionService#loadCommonJSModule file:///snap/code/61/usr/share/code/resources/app/extensions/debug-auto-launch/dist/extension
[2021-04-13 12:52:05.061] [exthost] [info] ExtensionService#_doActivateExtension vscode.git {"startup":true,"extensionId":{"value":"vscode.github","_lower":"vscode.github"},"activationEvent":"*"}
[2021-04-13 12:52:05.061] [exthost] [info] ExtensionService#loadCommonJSModule file:///snap/code/61/usr/share/code/resources/app/extensions/git/dist/main
[2021-04-13 12:52:05.113] [exthost] [info] ExtensionService#_doActivateExtension vscode.github {"startup":true,"extensionId":{"value":"vscode.github","_lower":"vscode.github"},"activationEvent":"*"}
[2021-04-13 12:52:05.113] [exthost] [info] ExtensionService#loadCommonJSModule file:///snap/code/61/usr/share/code/resources/app/extensions/github/dist/extension.js
[2021-04-13 12:52:05.137] [exthost] [info] ExtensionService#_doActivateExtension ms-vscode.js-debug {"startup":false,"extensionId":{"value":"ms-vscode.js-debug","_lower":"ms-vscode.js-debug"},"activationEvent":"onCommand:extension.js-debug.clearAutoAttachVariables"}
[2021-04-13 12:52:05.137] [exthost] [info] ExtensionService#loadCommonJSModule file:///snap/code/61/usr/share/code/resources/app/extensions/ms-vscode.js-debug/src/extension.js
[2021-04-13 12:52:05.224] [exthost] [info] eager extensions activated
[2021-04-13 12:52:05.238] [exthost] [info] ExtensionService#_doActivateExtension vscode.emmet {"startup":false,"extensionId":{"value":"vscode.emmet","_lower":"vscode.emmet"},"activationEvent":"onStartupFinished"}
[2021-04-13 12:52:05.239] [exthost] [info] ExtensionService#loadCommonJSModule file:///snap/code/61/usr/share/code/resources/app/extensions/emmet/dist/node/emmetNodeMain
[2021-04-13 12:52:05.243] [exthost] [info] ExtensionService#_doActivateExtension vscode.merge-conflict {"startup":false,"extensionId":{"value":"vscode.merge-conflict","_lower":"vscode.merge-conflict"},"activationEvent":"onStartupFinished"}
[2021-04-13 12:52:05.243] [exthost] [info] ExtensionService#loadCommonJSModule file:///snap/code/61/usr/share/code/resources/app/extensions/merge-conflict/dist/mergeConflictMain
[2021-04-13 12:52:05.245] [exthost] [info] ExtensionService#_doActivateExtension vscode.testing-editor-contributions {"startup":false,"extensionId":{"value":"vscode.testing-editor-contributions","_lower":"vscode.testing-editor-contributions"},"activationEvent":"onStartupFinished"}
[2021-04-13 12:52:05.245] [exthost] [info] ExtensionService#loadCommonJSModule file:///snap/code/61/usr/share/code/resources/app/extensions/testing-editor-contributions/dist/extension.js
[2021-04-13 12:52:05.247] [exthost] [info] ExtensionService#_doActivateExtension vscode.github-authentication {"startup":false,"extensionId":{"value":"vscode.github-authentication","_lower":"vscode.github-authentication"},"activationEvent":"onAuthenticationRequest:github"}
[2021-04-13 12:52:05.247] [exthost] [info] ExtensionService#loadCommonJSModule file:///snap/code/61/usr/share/code/resources/app/extensions/github-authentication/dist/extension.js
[2021-04-13 12:52:10.194] [exthost] [info] ExtensionService#_doActivateExtension ms-vscode.cpptools {"startup":false,"extensionId":{"value":"ms-vscode.cpptools","_lower":"ms-vscode.cpptools"},"activationEvent":"onLanguage:cpp"}
[2021-04-13 12:52:10.194] [exthost] [info] ExtensionService#loadCommonJSModule file:///home/colin/.vscode/extensions/ms-vscode.cpptools-1.2.2/dist/main
[2021-04-13 12:52:13.834] [exthost] [info] ExtensionService#_doActivateExtension vscode.configuration-editing {"startup":false,"extensionId":{"value":"vscode.configuration-editing","_lower":"vscode.configuration-editing"},"activationEvent":"onLanguage:jsonc"}
[2021-04-13 12:52:13.834] [exthost] [info] ExtensionService#loadCommonJSModule file:///snap/code/61/usr/share/code/resources/app/extensions/configuration-editing/dist/configurationEditingMain
[2021-04-13 12:52:13.840] [exthost] [info] ExtensionService#_doActivateExtension vscode.json-language-features {"startup":false,"extensionId":{"value":"vscode.json-language-features","_lower":"vscode.json-language-features"},"activationEvent":"onLanguage:jsonc"}
[2021-04-13 12:52:13.840] [exthost] [info] ExtensionService#loadCommonJSModule file:///snap/code/61/usr/share/code/resources/app/extensions/json-language-features/client/dist/node/jsonClientMain
[2021-04-13 12:52:13.857] [exthost] [info] ExtensionService#_doActivateExtension vscode.typescript-language-features {"startup":false,"extensionId":{"value":"vscode.typescript-language-features","_lower":"vscode.typescript-language-features"},"activationEvent":"onLanguage:jsonc"}
[2021-04-13 12:52:13.857] [exthost] [info] ExtensionService#loadCommonJSModule file:///snap/code/61/usr/share/code/resources/app/extensions/typescript-language-features/dist/extension
[2021-04-13 12:52:28.141] [exthost] [error] [ms-vscode.cpptools] provider FAILED
[2021-04-13 12:52:28.141] [exthost] [error] undefined
[2021-04-13 12:52:30.704] [exthost] [info] extension host terminating: received terminate message from renderer
[2021-04-13 12:52:31.037] [exthost] [error] [ms-vscode.cpptools] provider FAILED
[2021-04-13 12:52:31.037] [exthost] [error] Error: Connection got disposed.
	at Object.dispose (/home/colin/.vscode/extensions/ms-vscode.cpptools-1.2.2/dist/main.js:6517:25)
	at Object.dispose (/home/colin/.vscode/extensions/ms-vscode.cpptools-1.2.2/dist/main.js:8455:35)
	at /home/colin/.vscode/extensions/ms-vscode.cpptools-1.2.2/dist/main.js:10449:28
	at async Promise.all (index 12)
	at async h.deactivateAll (/snap/code/61/usr/share/code/resources/app/out/vs/workbench/services/extensions/node/extensionHostProcess.js:91:9472)
[2021-04-13 12:52:31.037] [exthost] [error] [ms-vscode.cpptools] provider FAILED
[2021-04-13 12:52:31.038] [exthost] [error] Error: Connection got disposed.
	at Object.dispose (/home/colin/.vscode/extensions/ms-vscode.cpptools-1.2.2/dist/main.js:6517:25)
	at Object.dispose (/home/colin/.vscode/extensions/ms-vscode.cpptools-1.2.2/dist/main.js:8455:35)
	at /home/colin/.vscode/extensions/ms-vscode.cpptools-1.2.2/dist/main.js:10449:28
	at async Promise.all (index 12)
	at async h.deactivateAll (/snap/code/61/usr/share/code/resources/app/out/vs/workbench/services/extensions/node/extensionHostProcess.js:91:9472)
[2021-04-13 12:52:31.038] [exthost] [error] [ms-vscode.cpptools] provider FAILED
[2021-04-13 12:52:31.038] [exthost] [error] Error: Connection got disposed.
	at Object.dispose (/home/colin/.vscode/extensions/ms-vscode.cpptools-1.2.2/dist/main.js:6517:25)
	at Object.dispose (/home/colin/.vscode/extensions/ms-vscode.cpptools-1.2.2/dist/main.js:8455:35)
	at /home/colin/.vscode/extensions/ms-vscode.cpptools-1.2.2/dist/main.js:10449:28
	at async Promise.all (index 12)
	at async h.deactivateAll (/snap/code/61/usr/share/code/resources/app/out/vs/workbench/services/extensions/node/extensionHostProcess.js:91:9472)
[2021-04-13 12:52:31.038] [exthost] [error] [ms-vscode.cpptools] provider FAILED
[2021-04-13 12:52:31.038] [exthost] [error] Error: Connection got disposed.
	at Object.dispose (/home/colin/.vscode/extensions/ms-vscode.cpptools-1.2.2/dist/main.js:6517:25)
	at Object.dispose (/home/colin/.vscode/extensions/ms-vscode.cpptools-1.2.2/dist/main.js:8455:35)
	at /home/colin/.vscode/extensions/ms-vscode.cpptools-1.2.2/dist/main.js:10449:28
	at async Promise.all (index 12)
	at async h.deactivateAll (/snap/code/61/usr/share/code/resources/app/out/vs/workbench/services/extensions/node/extensionHostProcess.js:91:9472)
[2021-04-13 12:52:31.038] [exthost] [error] [ms-vscode.cpptools] provider FAILED
[2021-04-13 12:52:31.038] [exthost] [error] Error: Connection got disposed.
	at Object.dispose (/home/colin/.vscode/extensions/ms-vscode.cpptools-1.2.2/dist/main.js:6517:25)
	at Object.dispose (/home/colin/.vscode/extensions/ms-vscode.cpptools-1.2.2/dist/main.js:8455:35)
	at /home/colin/.vscode/extensions/ms-vscode.cpptools-1.2.2/dist/main.js:10449:28
	at async Promise.all (index 12)
	at async h.deactivateAll (/snap/code/61/usr/share/code/resources/app/out/vs/workbench/services/extensions/node/extensionHostProcess.js:91:9472)
[2021-04-13 12:52:31.038] [exthost] [error] [ms-vscode.cpptools] provider FAILED
[2021-04-13 12:52:31.038] [exthost] [error] Error: Connection got disposed.
	at Object.dispose (/home/colin/.vscode/extensions/ms-vscode.cpptools-1.2.2/dist/main.js:6517:25)
	at Object.dispose (/home/colin/.vscode/extensions/ms-vscode.cpptools-1.2.2/dist/main.js:8455:35)
	at /home/colin/.vscode/extensions/ms-vscode.cpptools-1.2.2/dist/main.js:10449:28
	at async Promise.all (index 12)
	at async h.deactivateAll (/snap/code/61/usr/share/code/resources/app/out/vs/workbench/services/extensions/node/extensionHostProcess.js:91:9472)
[2021-04-13 12:52:31.038] [exthost] [error] [ms-vscode.cpptools] provider FAILED
[2021-04-13 12:52:31.038] [exthost] [error] Error: Connection got disposed.
	at Object.dispose (/home/colin/.vscode/extensions/ms-vscode.cpptools-1.2.2/dist/main.js:6517:25)
	at Object.dispose (/home/colin/.vscode/extensions/ms-vscode.cpptools-1.2.2/dist/main.js:8455:35)
	at /home/colin/.vscode/extensions/ms-vscode.cpptools-1.2.2/dist/main.js:10449:28
	at async Promise.all (index 12)
	at async h.deactivateAll (/snap/code/61/usr/share/code/resources/app/out/vs/workbench/services/extensions/node/extensionHostProcess.js:91:9472)
[2021-04-13 12:52:31.715] [exthost] [info] exiting with code 0
[2021-04-13 12:52:31.972] [exthost] [info] extension host started
[2021-04-13 12:52:32.031] [exthost] [info] ExtensionService#_doActivateExtension vscode.microsoft-authentication {"startup":false,"extensionId":{"value":"vscode.microsoft-authentication","_lower":"vscode.microsoft-authentication"},"activationEvent":"onAuthenticationRequest:microsoft"}
[2021-04-13 12:52:32.031] [exthost] [info] ExtensionService#loadCommonJSModule file:///snap/code/61/usr/share/code/resources/app/extensions/microsoft-authentication/dist/extension.js
[2021-04-13 12:52:32.039] [exthost] [info] ExtensionService#_doActivateExtension vscode.debug-auto-launch {"startup":true,"extensionId":{"value":"vscode.debug-auto-launch","_lower":"vscode.debug-auto-launch"},"activationEvent":"*"}
[2021-04-13 12:52:32.039] [exthost] [info] ExtensionService#loadCommonJSModule file:///snap/code/61/usr/share/code/resources/app/extensions/debug-auto-launch/dist/extension
[2021-04-13 12:52:32.041] [exthost] [info] ExtensionService#_doActivateExtension vscode.git {"startup":true,"extensionId":{"value":"vscode.github","_lower":"vscode.github"},"activationEvent":"*"}
[2021-04-13 12:52:32.041] [exthost] [info] ExtensionService#loadCommonJSModule file:///snap/code/61/usr/share/code/resources/app/extensions/git/dist/main
[2021-04-13 12:52:32.054] [exthost] [info] ExtensionService#_doActivateExtension ms-vscode.cpptools {"startup":true,"extensionId":{"value":"ms-vscode.cpptools","_lower":"ms-vscode.cpptools"},"activationEvent":"*"}
[2021-04-13 12:52:32.055] [exthost] [info] ExtensionService#loadCommonJSModule file:///home/colin/.vscode/extensions/ms-vscode.cpptools-1.3.0-insiders5/dist/main
[2021-04-13 12:52:32.336] [exthost] [info] ExtensionService#_doActivateExtension ms-vscode.js-debug {"startup":false,"extensionId":{"value":"ms-vscode.js-debug","_lower":"ms-vscode.js-debug"},"activationEvent":"onCommand:extension.js-debug.clearAutoAttachVariables"}
[2021-04-13 12:52:32.336] [exthost] [info] ExtensionService#loadCommonJSModule file:///snap/code/61/usr/share/code/resources/app/extensions/ms-vscode.js-debug/src/extension.js
[2021-04-13 12:52:32.425] [exthost] [info] ExtensionService#_doActivateExtension vscode.github {"startup":false,"extensionId":{"value":"vscode.github","_lower":"vscode.github"},"activationEvent":"*"}
[2021-04-13 12:52:32.425] [exthost] [info] ExtensionService#loadCommonJSModule file:///snap/code/61/usr/share/code/resources/app/extensions/github/dist/extension.js
[2021-04-13 12:52:32.518] [exthost] [info] ExtensionService#_doActivateExtension vscode.github-authentication {"startup":false,"extensionId":{"value":"vscode.github-authentication","_lower":"vscode.github-authentication"},"activationEvent":"onAuthenticationRequest:github"}
[2021-04-13 12:52:32.518] [exthost] [info] ExtensionService#loadCommonJSModule file:///snap/code/61/usr/share/code/resources/app/extensions/github-authentication/dist/extension.js
[2021-04-13 12:52:32.623] [exthost] [info] eager extensions activated
[2021-04-13 12:52:32.626] [exthost] [info] ExtensionService#_doActivateExtension vscode.emmet {"startup":false,"extensionId":{"value":"vscode.emmet","_lower":"vscode.emmet"},"activationEvent":"onStartupFinished"}
[2021-04-13 12:52:32.627] [exthost] [info] ExtensionService#loadCommonJSModule file:///snap/code/61/usr/share/code/resources/app/extensions/emmet/dist/node/emmetNodeMain
[2021-04-13 12:52:32.631] [exthost] [info] ExtensionService#_doActivateExtension vscode.merge-conflict {"startup":false,"extensionId":{"value":"vscode.merge-conflict","_lower":"vscode.merge-conflict"},"activationEvent":"onStartupFinished"}
[2021-04-13 12:52:32.631] [exthost] [info] ExtensionService#loadCommonJSModule file:///snap/code/61/usr/share/code/resources/app/extensions/merge-conflict/dist/mergeConflictMain
[2021-04-13 12:52:32.633] [exthost] [info] ExtensionService#_doActivateExtension vscode.testing-editor-contributions {"startup":false,"extensionId":{"value":"vscode.testing-editor-contributions","_lower":"vscode.testing-editor-contributions"},"activationEvent":"onStartupFinished"}
[2021-04-13 12:52:32.633] [exthost] [info] ExtensionService#loadCommonJSModule file:///snap/code/61/usr/share/code/resources/app/extensions/testing-editor-contributions/dist/extension.js
[2021-04-13 12:52:40.560] [exthost] [error] [ms-vscode.cpptools] provider FAILED
[2021-04-13 12:52:40.560] [exthost] [error] undefined
[2021-04-13 12:52:48.491] [exthost] [error] [ms-vscode.cpptools] provider FAILED
[2021-04-13 12:52:48.491] [exthost] [error] undefined
[2021-04-13 12:52:57.054] [exthost] [error] [ms-vscode.cpptools] provider FAILED
[2021-04-13 12:52:57.054] [exthost] [error] undefined
[2021-04-13 12:53:27.768] [exthost] [error] [ms-vscode.cpptools] provider FAILED
[2021-04-13 12:53:27.768] [exthost] [error] undefined
[2021-04-13 12:53:32.732] [exthost] [error] [ms-vscode.cpptools] provider FAILED
[2021-04-13 12:53:32.732] [exthost] [error] undefined
[2021-04-13 12:53:43.863] [exthost] [error] [ms-vscode.cpptools] provider FAILED
[2021-04-13 12:53:43.863] [exthost] [error] undefined
[2021-04-13 12:53:50.240] [exthost] [error] [ms-vscode.cpptools] provider FAILED
[2021-04-13 12:53:50.240] [exthost] [error] undefined
[2021-04-13 12:53:54.361] [exthost] [error] [ms-vscode.cpptools] provider FAILED
[2021-04-13 12:53:54.361] [exthost] [error] undefined
[2021-04-13 12:54:02.694] [exthost] [error] [ms-vscode.cpptools] provider FAILED
[2021-04-13 12:54:02.694] [exthost] [error] undefined
[2021-04-13 12:54:12.910] [exthost] [error] [ms-vscode.cpptools] provider FAILED
[2021-04-13 12:54:12.910] [exthost] [error] undefined
[2021-04-13 12:54:15.205] [exthost] [error] [ms-vscode.cpptools] provider FAILED
[2021-04-13 12:54:15.205] [exthost] [error] undefined
[2021-04-13 12:54:21.468] [exthost] [error] [ms-vscode.cpptools] provider FAILED
[2021-04-13 12:54:21.468] [exthost] [error] undefined
[2021-04-13 12:54:25.671] [exthost] [error] [ms-vscode.cpptools] provider FAILED
[2021-04-13 12:54:25.671] [exthost] [error] undefined
[2021-04-13 12:54:27.843] [exthost] [error] [ms-vscode.cpptools] provider FAILED
[2021-04-13 12:54:27.843] [exthost] [error] undefined
[2021-04-13 12:54:38.140] [exthost] [error] [ms-vscode.cpptools] provider FAILED
[2021-04-13 12:54:38.140] [exthost] [error] undefined
[2021-04-13 12:54:42.456] [exthost] [error] [ms-vscode.cpptools] provider FAILED
[2021-04-13 12:54:42.456] [exthost] [error] undefined
[2021-04-13 12:54:46.019] [exthost] [error] [ms-vscode.cpptools] provider FAILED
[2021-04-13 12:54:46.019] [exthost] [error] undefined
[2021-04-13 12:54:51.921] [exthost] [error] [ms-vscode.cpptools] provider FAILED
[2021-04-13 12:54:51.922] [exthost] [error] undefined
[2021-04-13 12:54:58.140] [exthost] [error] [ms-vscode.cpptools] provider FAILED
[2021-04-13 12:54:58.140] [exthost] [error] undefined
[2021-04-13 12:55:13.909] [exthost] [error] [ms-vscode.cpptools] provider FAILED
[2021-04-13 12:55:13.909] [exthost] [error] undefined
[2021-04-13 12:55:24.829] [exthost] [error] [ms-vscode.cpptools] provider FAILED
[2021-04-13 12:55:24.829] [exthost] [error] undefined
[2021-04-13 12:55:38.015] [exthost] [error] [ms-vscode.cpptools] provider FAILED
[2021-04-13 12:55:38.015] [exthost] [error] undefined
[2021-04-13 12:56:00.176] [exthost] [error] [ms-vscode.cpptools] provider FAILED
[2021-04-13 12:56:00.176] [exthost] [error] undefined
[2021-04-13 12:56:13.000] [exthost] [error] [ms-vscode.cpptools] provider FAILED
[2021-04-13 12:56:13.000] [exthost] [error] undefined
[2021-04-13 12:56:15.788] [exthost] [error] [ms-vscode.cpptools] provider FAILED
[2021-04-13 12:56:15.788] [exthost] [error] undefined
[2021-04-13 12:56:25.434] [exthost] [error] [ms-vscode.cpptools] provider FAILED
[2021-04-13 12:56:25.434] [exthost] [error] undefined
[2021-04-13 12:56:40.914] [exthost] [error] [ms-vscode.cpptools] provider FAILED
[2021-04-13 12:56:40.914] [exthost] [error] undefined
[2021-04-13 12:57:27.048] [exthost] [error] [ms-vscode.cpptools] provider FAILED
[2021-04-13 12:57:27.048] [exthost] [error] undefined
[2021-04-13 12:57:42.248] [exthost] [error] [ms-vscode.cpptools] provider FAILED
[2021-04-13 12:57:42.248] [exthost] [error] undefined
[2021-04-13 13:04:37.334] [exthost] [error] [ms-vscode.cpptools] provider FAILED
[2021-04-13 13:04:37.334] [exthost] [error] undefined
[2021-04-13 13:55:54.657] [exthost] [info] extension host terminating: parent process 5336 does not exist anymore: kill ESRCH (code: ESRCH) (errno: ESRCH)
