[2021-05-16 23:07:34.461] [exthost] [info] extension host started
[2021-05-16 23:07:34.874] [exthost] [info] ExtensionService#_doActivateExtension vscode.microsoft-authentication {"startup":false,"extensionId":{"value":"vscode.microsoft-authentication","_lower":"vscode.microsoft-authentication"},"activationEvent":"onAuthenticationRequest:microsoft"}
[2021-05-16 23:07:34.874] [exthost] [info] ExtensionService#loadCommonJSModule file:///snap/code/65/usr/share/code/resources/app/extensions/microsoft-authentication/dist/extension.js
[2021-05-16 23:07:34.889] [exthost] [info] ExtensionService#_doActivateExtension ms-vscode.cpptools {"startup":false,"extensionId":{"value":"ms-vscode.cpptools","_lower":"ms-vscode.cpptools"},"activationEvent":"onLanguage:cpp"}
[2021-05-16 23:07:34.889] [exthost] [info] ExtensionService#loadCommonJSModule file:///home/colin/.vscode/extensions/ms-vscode.cpptools-1.4.0-insiders/dist/main
[2021-05-16 23:07:34.946] [exthost] [info] ExtensionService#_doActivateExtension vscode.debug-auto-launch {"startup":true,"extensionId":{"value":"vscode.debug-auto-launch","_lower":"vscode.debug-auto-launch"},"activationEvent":"*"}
[2021-05-16 23:07:34.946] [exthost] [info] ExtensionService#loadCommonJSModule file:///snap/code/65/usr/share/code/resources/app/extensions/debug-auto-launch/dist/extension
[2021-05-16 23:07:34.949] [exthost] [info] ExtensionService#_doActivateExtension vscode.git {"startup":true,"extensionId":{"value":"vscode.github","_lower":"vscode.github"},"activationEvent":"*"}
[2021-05-16 23:07:34.949] [exthost] [info] ExtensionService#loadCommonJSModule file:///snap/code/65/usr/share/code/resources/app/extensions/git/dist/main
[2021-05-16 23:07:34.976] [exthost] [info] ExtensionService#_doActivateExtension wraith13.zoombar-vscode {"startup":true,"extensionId":{"value":"wraith13.zoombar-vscode","_lower":"wraith13.zoombar-vscode"},"activationEvent":"*"}
[2021-05-16 23:07:34.976] [exthost] [info] ExtensionService#loadCommonJSModule file:///home/colin/.vscode/extensions/wraith13.zoombar-vscode-1.4.0/out/source/extension
[2021-05-16 23:07:35.537] [exthost] [info] ExtensionService#_doActivateExtension vscode.github {"startup":true,"extensionId":{"value":"vscode.github","_lower":"vscode.github"},"activationEvent":"*"}
[2021-05-16 23:07:35.537] [exthost] [info] ExtensionService#loadCommonJSModule file:///snap/code/65/usr/share/code/resources/app/extensions/github/dist/extension.js
[2021-05-16 23:07:35.575] [exthost] [info] eager extensions activated
[2021-05-16 23:07:35.616] [exthost] [info] ExtensionService#_doActivateExtension ms-vscode.js-debug {"startup":false,"extensionId":{"value":"ms-vscode.js-debug","_lower":"ms-vscode.js-debug"},"activationEvent":"onCommand:extension.js-debug.clearAutoAttachVariables"}
[2021-05-16 23:07:35.616] [exthost] [info] ExtensionService#loadCommonJSModule file:///snap/code/65/usr/share/code/resources/app/extensions/ms-vscode.js-debug/src/extension.js
[2021-05-16 23:07:35.717] [exthost] [info] ExtensionService#_doActivateExtension vscode.emmet {"startup":false,"extensionId":{"value":"vscode.emmet","_lower":"vscode.emmet"},"activationEvent":"onStartupFinished"}
[2021-05-16 23:07:35.717] [exthost] [info] ExtensionService#loadCommonJSModule file:///snap/code/65/usr/share/code/resources/app/extensions/emmet/dist/node/emmetNodeMain
[2021-05-16 23:07:35.723] [exthost] [info] ExtensionService#_doActivateExtension vscode.merge-conflict {"startup":false,"extensionId":{"value":"vscode.merge-conflict","_lower":"vscode.merge-conflict"},"activationEvent":"onStartupFinished"}
[2021-05-16 23:07:35.724] [exthost] [info] ExtensionService#loadCommonJSModule file:///snap/code/65/usr/share/code/resources/app/extensions/merge-conflict/dist/mergeConflictMain
[2021-05-16 23:07:35.725] [exthost] [info] ExtensionService#_doActivateExtension vscode.testing-editor-contributions {"startup":false,"extensionId":{"value":"vscode.testing-editor-contributions","_lower":"vscode.testing-editor-contributions"},"activationEvent":"onStartupFinished"}
[2021-05-16 23:07:35.725] [exthost] [info] ExtensionService#loadCommonJSModule file:///snap/code/65/usr/share/code/resources/app/extensions/testing-editor-contributions/dist/extension.js
[2021-05-16 23:07:35.832] [exthost] [info] ExtensionService#_doActivateExtension vscode.github-authentication {"startup":false,"extensionId":{"value":"vscode.github-authentication","_lower":"vscode.github-authentication"},"activationEvent":"onAuthenticationRequest:github"}
[2021-05-16 23:07:35.832] [exthost] [info] ExtensionService#loadCommonJSModule file:///snap/code/65/usr/share/code/resources/app/extensions/github-authentication/dist/extension.js
[2021-05-16 23:07:52.879] [exthost] [info] extension host terminating: received terminate message from renderer
[2021-05-16 23:07:53.888] [exthost] [info] exiting with code 0
[2021-05-16 23:07:54.331] [exthost] [info] extension host started
[2021-05-16 23:07:54.378] [exthost] [info] ExtensionService#_doActivateExtension vscode.microsoft-authentication {"startup":false,"extensionId":{"value":"vscode.microsoft-authentication","_lower":"vscode.microsoft-authentication"},"activationEvent":"onAuthenticationRequest:microsoft"}
[2021-05-16 23:07:54.378] [exthost] [info] ExtensionService#loadCommonJSModule file:///snap/code/65/usr/share/code/resources/app/extensions/microsoft-authentication/dist/extension.js
[2021-05-16 23:07:54.387] [exthost] [info] ExtensionService#_doActivateExtension vscode.debug-auto-launch {"startup":true,"extensionId":{"value":"vscode.debug-auto-launch","_lower":"vscode.debug-auto-launch"},"activationEvent":"*"}
[2021-05-16 23:07:54.387] [exthost] [info] ExtensionService#loadCommonJSModule file:///snap/code/65/usr/share/code/resources/app/extensions/debug-auto-launch/dist/extension
[2021-05-16 23:07:54.390] [exthost] [info] ExtensionService#_doActivateExtension vscode.git {"startup":true,"extensionId":{"value":"vscode.github","_lower":"vscode.github"},"activationEvent":"*"}
[2021-05-16 23:07:54.390] [exthost] [info] ExtensionService#loadCommonJSModule file:///snap/code/65/usr/share/code/resources/app/extensions/git/dist/main
[2021-05-16 23:07:54.406] [exthost] [info] ExtensionService#_doActivateExtension wraith13.zoombar-vscode {"startup":true,"extensionId":{"value":"wraith13.zoombar-vscode","_lower":"wraith13.zoombar-vscode"},"activationEvent":"*"}
[2021-05-16 23:07:54.407] [exthost] [info] ExtensionService#loadCommonJSModule file:///home/colin/.vscode/extensions/wraith13.zoombar-vscode-1.4.0/out/source/extension
[2021-05-16 23:07:54.478] [exthost] [info] ExtensionService#_doActivateExtension vscode.github {"startup":true,"extensionId":{"value":"vscode.github","_lower":"vscode.github"},"activationEvent":"*"}
[2021-05-16 23:07:54.478] [exthost] [info] ExtensionService#loadCommonJSModule file:///snap/code/65/usr/share/code/resources/app/extensions/github/dist/extension.js
[2021-05-16 23:07:54.542] [exthost] [info] eager extensions activated
[2021-05-16 23:07:54.549] [exthost] [info] ExtensionService#_doActivateExtension ms-vscode.js-debug {"startup":false,"extensionId":{"value":"ms-vscode.js-debug","_lower":"ms-vscode.js-debug"},"activationEvent":"onCommand:extension.js-debug.clearAutoAttachVariables"}
[2021-05-16 23:07:54.549] [exthost] [info] ExtensionService#loadCommonJSModule file:///snap/code/65/usr/share/code/resources/app/extensions/ms-vscode.js-debug/src/extension.js
[2021-05-16 23:07:54.646] [exthost] [info] ExtensionService#_doActivateExtension vscode.github-authentication {"startup":false,"extensionId":{"value":"vscode.github-authentication","_lower":"vscode.github-authentication"},"activationEvent":"onAuthenticationRequest:github"}
[2021-05-16 23:07:54.646] [exthost] [info] ExtensionService#loadCommonJSModule file:///snap/code/65/usr/share/code/resources/app/extensions/github-authentication/dist/extension.js
[2021-05-16 23:07:54.654] [exthost] [info] ExtensionService#_doActivateExtension vscode.emmet {"startup":false,"extensionId":{"value":"vscode.emmet","_lower":"vscode.emmet"},"activationEvent":"onStartupFinished"}
[2021-05-16 23:07:54.654] [exthost] [info] ExtensionService#loadCommonJSModule file:///snap/code/65/usr/share/code/resources/app/extensions/emmet/dist/node/emmetNodeMain
[2021-05-16 23:07:54.658] [exthost] [info] ExtensionService#_doActivateExtension vscode.merge-conflict {"startup":false,"extensionId":{"value":"vscode.merge-conflict","_lower":"vscode.merge-conflict"},"activationEvent":"onStartupFinished"}
[2021-05-16 23:07:54.658] [exthost] [info] ExtensionService#loadCommonJSModule file:///snap/code/65/usr/share/code/resources/app/extensions/merge-conflict/dist/mergeConflictMain
[2021-05-16 23:07:54.659] [exthost] [info] ExtensionService#_doActivateExtension vscode.testing-editor-contributions {"startup":false,"extensionId":{"value":"vscode.testing-editor-contributions","_lower":"vscode.testing-editor-contributions"},"activationEvent":"onStartupFinished"}
[2021-05-16 23:07:54.660] [exthost] [info] ExtensionService#loadCommonJSModule file:///snap/code/65/usr/share/code/resources/app/extensions/testing-editor-contributions/dist/extension.js
[2021-05-16 23:11:10.556] [exthost] [info] ExtensionService#_doActivateExtension ms-vscode.cmake-tools {"startup":false,"extensionId":{"value":"ms-vscode.cmake-tools","_lower":"ms-vscode.cmake-tools"},"activationEvent":"workspaceContains:**/CMakeLists.txt"}
[2021-05-16 23:11:10.556] [exthost] [info] ExtensionService#loadCommonJSModule file:///home/colin/.vscode/extensions/ms-vscode.cmake-tools-1.7.3/dist/main
[2021-05-16 23:12:46.883] [exthost] [info] extension host terminating: received terminate message from renderer
[2021-05-16 23:12:47.892] [exthost] [info] exiting with code 0
[2021-05-16 23:12:48.287] [exthost] [info] extension host started
[2021-05-16 23:12:48.326] [exthost] [info] ExtensionService#_doActivateExtension vscode.microsoft-authentication {"startup":false,"extensionId":{"value":"vscode.microsoft-authentication","_lower":"vscode.microsoft-authentication"},"activationEvent":"onAuthenticationRequest:microsoft"}
[2021-05-16 23:12:48.326] [exthost] [info] ExtensionService#loadCommonJSModule file:///snap/code/65/usr/share/code/resources/app/extensions/microsoft-authentication/dist/extension.js
[2021-05-16 23:12:48.333] [exthost] [info] ExtensionService#_doActivateExtension vscode.debug-auto-launch {"startup":true,"extensionId":{"value":"vscode.debug-auto-launch","_lower":"vscode.debug-auto-launch"},"activationEvent":"*"}
[2021-05-16 23:12:48.334] [exthost] [info] ExtensionService#loadCommonJSModule file:///snap/code/65/usr/share/code/resources/app/extensions/debug-auto-launch/dist/extension
[2021-05-16 23:12:48.336] [exthost] [info] ExtensionService#_doActivateExtension vscode.git {"startup":true,"extensionId":{"value":"vscode.github","_lower":"vscode.github"},"activationEvent":"*"}
[2021-05-16 23:12:48.336] [exthost] [info] ExtensionService#loadCommonJSModule file:///snap/code/65/usr/share/code/resources/app/extensions/git/dist/main
[2021-05-16 23:12:48.351] [exthost] [info] ExtensionService#_doActivateExtension wraith13.zoombar-vscode {"startup":true,"extensionId":{"value":"wraith13.zoombar-vscode","_lower":"wraith13.zoombar-vscode"},"activationEvent":"*"}
[2021-05-16 23:12:48.352] [exthost] [info] ExtensionService#loadCommonJSModule file:///home/colin/.vscode/extensions/wraith13.zoombar-vscode-1.4.0/out/source/extension
[2021-05-16 23:12:48.434] [exthost] [info] ExtensionService#_doActivateExtension vscode.github {"startup":true,"extensionId":{"value":"vscode.github","_lower":"vscode.github"},"activationEvent":"*"}
[2021-05-16 23:12:48.434] [exthost] [info] ExtensionService#loadCommonJSModule file:///snap/code/65/usr/share/code/resources/app/extensions/github/dist/extension.js
[2021-05-16 23:12:48.498] [exthost] [info] ExtensionService#_doActivateExtension ms-vscode.js-debug {"startup":false,"extensionId":{"value":"ms-vscode.js-debug","_lower":"ms-vscode.js-debug"},"activationEvent":"onCommand:extension.js-debug.clearAutoAttachVariables"}
[2021-05-16 23:12:48.498] [exthost] [info] ExtensionService#loadCommonJSModule file:///snap/code/65/usr/share/code/resources/app/extensions/ms-vscode.js-debug/src/extension.js
[2021-05-16 23:12:48.594] [exthost] [info] ExtensionService#_doActivateExtension vscode.github-authentication {"startup":false,"extensionId":{"value":"vscode.github-authentication","_lower":"vscode.github-authentication"},"activationEvent":"onAuthenticationRequest:github"}
[2021-05-16 23:12:48.595] [exthost] [info] ExtensionService#loadCommonJSModule file:///snap/code/65/usr/share/code/resources/app/extensions/github-authentication/dist/extension.js
[2021-05-16 23:12:48.639] [exthost] [info] ExtensionService#_doActivateExtension ms-vscode.cmake-tools {"startup":true,"extensionId":{"value":"ms-vscode.cmake-tools","_lower":"ms-vscode.cmake-tools"},"activationEvent":"workspaceContains:**/CMakeLists.txt"}
[2021-05-16 23:12:48.639] [exthost] [info] ExtensionService#loadCommonJSModule file:///home/colin/.vscode/extensions/ms-vscode.cmake-tools-1.7.3/dist/main
[2021-05-16 23:12:48.804] [exthost] [info] eager extensions activated
[2021-05-16 23:12:48.828] [exthost] [info] ExtensionService#_doActivateExtension vscode.emmet {"startup":false,"extensionId":{"value":"vscode.emmet","_lower":"vscode.emmet"},"activationEvent":"onStartupFinished"}
[2021-05-16 23:12:48.828] [exthost] [info] ExtensionService#loadCommonJSModule file:///snap/code/65/usr/share/code/resources/app/extensions/emmet/dist/node/emmetNodeMain
[2021-05-16 23:12:48.837] [exthost] [info] ExtensionService#_doActivateExtension vscode.merge-conflict {"startup":false,"extensionId":{"value":"vscode.merge-conflict","_lower":"vscode.merge-conflict"},"activationEvent":"onStartupFinished"}
[2021-05-16 23:12:48.837] [exthost] [info] ExtensionService#loadCommonJSModule file:///snap/code/65/usr/share/code/resources/app/extensions/merge-conflict/dist/mergeConflictMain
[2021-05-16 23:12:48.839] [exthost] [info] ExtensionService#_doActivateExtension vscode.testing-editor-contributions {"startup":false,"extensionId":{"value":"vscode.testing-editor-contributions","_lower":"vscode.testing-editor-contributions"},"activationEvent":"onStartupFinished"}
[2021-05-16 23:12:48.839] [exthost] [info] ExtensionService#loadCommonJSModule file:///snap/code/65/usr/share/code/resources/app/extensions/testing-editor-contributions/dist/extension.js
[2021-05-16 23:12:58.586] [exthost] [info] ExtensionService#_doActivateExtension ms-vscode.cpptools {"startup":false,"extensionId":{"value":"ms-vscode.cmake-tools","_lower":"ms-vscode.cmake-tools"},"activationEvent":"api"}
[2021-05-16 23:12:58.586] [exthost] [info] ExtensionService#loadCommonJSModule file:///home/colin/.vscode/extensions/ms-vscode.cpptools-1.4.0-insiders/dist/main
[2021-05-16 23:13:04.862] [exthost] [info] extension host terminating: received terminate message from renderer
[2021-05-16 23:13:05.873] [exthost] [info] exiting with code 0
[2021-05-16 23:13:06.764] [exthost] [info] extension host started
[2021-05-16 23:13:06.908] [exthost] [info] ExtensionService#_doActivateExtension vscode.microsoft-authentication {"startup":false,"extensionId":{"value":"vscode.microsoft-authentication","_lower":"vscode.microsoft-authentication"},"activationEvent":"onAuthenticationRequest:microsoft"}
[2021-05-16 23:13:06.908] [exthost] [info] ExtensionService#loadCommonJSModule file:///snap/code/65/usr/share/code/resources/app/extensions/microsoft-authentication/dist/extension.js
[2021-05-16 23:13:06.920] [exthost] [info] ExtensionService#_doActivateExtension vscode.debug-auto-launch {"startup":true,"extensionId":{"value":"vscode.debug-auto-launch","_lower":"vscode.debug-auto-launch"},"activationEvent":"*"}
[2021-05-16 23:13:06.920] [exthost] [info] ExtensionService#loadCommonJSModule file:///snap/code/65/usr/share/code/resources/app/extensions/debug-auto-launch/dist/extension
[2021-05-16 23:13:06.923] [exthost] [info] ExtensionService#_doActivateExtension vscode.git {"startup":true,"extensionId":{"value":"vscode.github","_lower":"vscode.github"},"activationEvent":"*"}
[2021-05-16 23:13:06.923] [exthost] [info] ExtensionService#loadCommonJSModule file:///snap/code/65/usr/share/code/resources/app/extensions/git/dist/main
[2021-05-16 23:13:06.944] [exthost] [info] ExtensionService#_doActivateExtension wraith13.zoombar-vscode {"startup":true,"extensionId":{"value":"wraith13.zoombar-vscode","_lower":"wraith13.zoombar-vscode"},"activationEvent":"*"}
[2021-05-16 23:13:06.945] [exthost] [info] ExtensionService#loadCommonJSModule file:///home/colin/.vscode/extensions/wraith13.zoombar-vscode-1.4.0/out/source/extension
[2021-05-16 23:13:07.042] [exthost] [info] ExtensionService#_doActivateExtension vscode.github {"startup":true,"extensionId":{"value":"vscode.github","_lower":"vscode.github"},"activationEvent":"*"}
[2021-05-16 23:13:07.042] [exthost] [info] ExtensionService#loadCommonJSModule file:///snap/code/65/usr/share/code/resources/app/extensions/github/dist/extension.js
[2021-05-16 23:13:07.109] [exthost] [info] ExtensionService#_doActivateExtension ms-vscode.js-debug {"startup":false,"extensionId":{"value":"ms-vscode.js-debug","_lower":"ms-vscode.js-debug"},"activationEvent":"onCommand:extension.js-debug.clearAutoAttachVariables"}
[2021-05-16 23:13:07.109] [exthost] [info] ExtensionService#loadCommonJSModule file:///snap/code/65/usr/share/code/resources/app/extensions/ms-vscode.js-debug/src/extension.js
[2021-05-16 23:13:07.227] [exthost] [info] ExtensionService#_doActivateExtension vscode.github-authentication {"startup":false,"extensionId":{"value":"vscode.github-authentication","_lower":"vscode.github-authentication"},"activationEvent":"onAuthenticationRequest:github"}
[2021-05-16 23:13:07.228] [exthost] [info] ExtensionService#loadCommonJSModule file:///snap/code/65/usr/share/code/resources/app/extensions/github-authentication/dist/extension.js
[2021-05-16 23:13:07.254] [exthost] [info] ExtensionService#_doActivateExtension ms-vscode.cmake-tools {"startup":true,"extensionId":{"value":"ms-vscode.cmake-tools","_lower":"ms-vscode.cmake-tools"},"activationEvent":"workspaceContains:**/CMakeLists.txt"}
[2021-05-16 23:13:07.254] [exthost] [info] ExtensionService#loadCommonJSModule file:///home/colin/.vscode/extensions/ms-vscode.cmake-tools-1.7.3/dist/main
[2021-05-16 23:13:07.508] [exthost] [info] eager extensions activated
[2021-05-16 23:13:07.520] [exthost] [info] ExtensionService#_doActivateExtension vscode.emmet {"startup":false,"extensionId":{"value":"vscode.emmet","_lower":"vscode.emmet"},"activationEvent":"onStartupFinished"}
[2021-05-16 23:13:07.520] [exthost] [info] ExtensionService#loadCommonJSModule file:///snap/code/65/usr/share/code/resources/app/extensions/emmet/dist/node/emmetNodeMain
[2021-05-16 23:13:07.526] [exthost] [info] ExtensionService#_doActivateExtension vscode.merge-conflict {"startup":false,"extensionId":{"value":"vscode.merge-conflict","_lower":"vscode.merge-conflict"},"activationEvent":"onStartupFinished"}
[2021-05-16 23:13:07.526] [exthost] [info] ExtensionService#loadCommonJSModule file:///snap/code/65/usr/share/code/resources/app/extensions/merge-conflict/dist/mergeConflictMain
[2021-05-16 23:13:07.528] [exthost] [info] ExtensionService#_doActivateExtension vscode.testing-editor-contributions {"startup":false,"extensionId":{"value":"vscode.testing-editor-contributions","_lower":"vscode.testing-editor-contributions"},"activationEvent":"onStartupFinished"}
[2021-05-16 23:13:07.528] [exthost] [info] ExtensionService#loadCommonJSModule file:///snap/code/65/usr/share/code/resources/app/extensions/testing-editor-contributions/dist/extension.js
[2021-05-16 23:13:58.337] [exthost] [info] ExtensionService#_doActivateExtension ms-vscode.cpptools {"startup":false,"extensionId":{"value":"ms-vscode.cmake-tools","_lower":"ms-vscode.cmake-tools"},"activationEvent":"api"}
[2021-05-16 23:13:58.337] [exthost] [info] ExtensionService#loadCommonJSModule file:///home/colin/.vscode/extensions/ms-vscode.cpptools-1.4.0-insiders/dist/main
[2021-05-16 23:14:27.534] [exthost] [info] ExtensionService#_doActivateExtension twxs.cmake {"startup":false,"extensionId":{"value":"twxs.cmake","_lower":"twxs.cmake"},"activationEvent":"onLanguage:cmake"}
[2021-05-16 23:14:27.534] [exthost] [info] ExtensionService#loadCommonJSModule file:///home/colin/.vscode/extensions/twxs.cmake-0.0.17/out/extension
[2021-05-16 23:14:39.182] [exthost] [info] ExtensionService#_doActivateExtension vscode.configuration-editing {"startup":false,"extensionId":{"value":"vscode.configuration-editing","_lower":"vscode.configuration-editing"},"activationEvent":"onLanguage:jsonc"}
[2021-05-16 23:14:39.182] [exthost] [info] ExtensionService#loadCommonJSModule file:///snap/code/65/usr/share/code/resources/app/extensions/configuration-editing/dist/configurationEditingMain
[2021-05-16 23:14:39.190] [exthost] [info] ExtensionService#_doActivateExtension vscode.json-language-features {"startup":false,"extensionId":{"value":"vscode.json-language-features","_lower":"vscode.json-language-features"},"activationEvent":"onLanguage:jsonc"}
[2021-05-16 23:14:39.190] [exthost] [info] ExtensionService#loadCommonJSModule file:///snap/code/65/usr/share/code/resources/app/extensions/json-language-features/client/dist/node/jsonClientMain
[2021-05-16 23:14:39.216] [exthost] [info] ExtensionService#_doActivateExtension vscode.typescript-language-features {"startup":false,"extensionId":{"value":"vscode.typescript-language-features","_lower":"vscode.typescript-language-features"},"activationEvent":"onLanguage:jsonc"}
[2021-05-16 23:14:39.217] [exthost] [info] ExtensionService#loadCommonJSModule file:///snap/code/65/usr/share/code/resources/app/extensions/typescript-language-features/dist/extension
[2021-05-16 23:16:47.841] [exthost] [error] Error: ENOENT: no such file or directory, open '/home/colin/Documents/Projects/CryptEngine/Crypt/cmake/Crypt.cpp' cmake.quickStart
[2021-05-16 23:20:06.931] [exthost] [info] extension host terminating: received terminate message from renderer
[2021-05-16 23:20:07.949] [exthost] [info] exiting with code 0
[2021-05-16 23:20:08.492] [exthost] [info] extension host started
[2021-05-16 23:20:08.586] [exthost] [info] ExtensionService#_doActivateExtension vscode.microsoft-authentication {"startup":false,"extensionId":{"value":"vscode.microsoft-authentication","_lower":"vscode.microsoft-authentication"},"activationEvent":"onAuthenticationRequest:microsoft"}
[2021-05-16 23:20:08.586] [exthost] [info] ExtensionService#loadCommonJSModule file:///snap/code/65/usr/share/code/resources/app/extensions/microsoft-authentication/dist/extension.js
[2021-05-16 23:20:08.596] [exthost] [info] ExtensionService#_doActivateExtension vscode.debug-auto-launch {"startup":true,"extensionId":{"value":"vscode.debug-auto-launch","_lower":"vscode.debug-auto-launch"},"activationEvent":"*"}
[2021-05-16 23:20:08.596] [exthost] [info] ExtensionService#loadCommonJSModule file:///snap/code/65/usr/share/code/resources/app/extensions/debug-auto-launch/dist/extension
[2021-05-16 23:20:08.599] [exthost] [info] ExtensionService#_doActivateExtension vscode.git {"startup":true,"extensionId":{"value":"vscode.github","_lower":"vscode.github"},"activationEvent":"*"}
[2021-05-16 23:20:08.599] [exthost] [info] ExtensionService#loadCommonJSModule file:///snap/code/65/usr/share/code/resources/app/extensions/git/dist/main
[2021-05-16 23:20:08.618] [exthost] [info] ExtensionService#_doActivateExtension wraith13.zoombar-vscode {"startup":true,"extensionId":{"value":"wraith13.zoombar-vscode","_lower":"wraith13.zoombar-vscode"},"activationEvent":"*"}
[2021-05-16 23:20:08.618] [exthost] [info] ExtensionService#loadCommonJSModule file:///home/colin/.vscode/extensions/wraith13.zoombar-vscode-1.4.0/out/source/extension
[2021-05-16 23:20:08.717] [exthost] [info] ExtensionService#_doActivateExtension vscode.github {"startup":true,"extensionId":{"value":"vscode.github","_lower":"vscode.github"},"activationEvent":"*"}
[2021-05-16 23:20:08.718] [exthost] [info] ExtensionService#loadCommonJSModule file:///snap/code/65/usr/share/code/resources/app/extensions/github/dist/extension.js
[2021-05-16 23:20:08.749] [exthost] [info] eager extensions activated
[2021-05-16 23:20:08.756] [exthost] [info] ExtensionService#_doActivateExtension ms-vscode.js-debug {"startup":false,"extensionId":{"value":"ms-vscode.js-debug","_lower":"ms-vscode.js-debug"},"activationEvent":"onCommand:extension.js-debug.clearAutoAttachVariables"}
[2021-05-16 23:20:08.756] [exthost] [info] ExtensionService#loadCommonJSModule file:///snap/code/65/usr/share/code/resources/app/extensions/ms-vscode.js-debug/src/extension.js
[2021-05-16 23:20:08.847] [exthost] [info] ExtensionService#_doActivateExtension vscode.emmet {"startup":false,"extensionId":{"value":"vscode.emmet","_lower":"vscode.emmet"},"activationEvent":"onStartupFinished"}
[2021-05-16 23:20:08.847] [exthost] [info] ExtensionService#loadCommonJSModule file:///snap/code/65/usr/share/code/resources/app/extensions/emmet/dist/node/emmetNodeMain
[2021-05-16 23:20:08.852] [exthost] [info] ExtensionService#_doActivateExtension vscode.merge-conflict {"startup":false,"extensionId":{"value":"vscode.merge-conflict","_lower":"vscode.merge-conflict"},"activationEvent":"onStartupFinished"}
[2021-05-16 23:20:08.852] [exthost] [info] ExtensionService#loadCommonJSModule file:///snap/code/65/usr/share/code/resources/app/extensions/merge-conflict/dist/mergeConflictMain
[2021-05-16 23:20:08.853] [exthost] [info] ExtensionService#_doActivateExtension vscode.testing-editor-contributions {"startup":false,"extensionId":{"value":"vscode.testing-editor-contributions","_lower":"vscode.testing-editor-contributions"},"activationEvent":"onStartupFinished"}
[2021-05-16 23:20:08.853] [exthost] [info] ExtensionService#loadCommonJSModule file:///snap/code/65/usr/share/code/resources/app/extensions/testing-editor-contributions/dist/extension.js
[2021-05-16 23:20:08.862] [exthost] [info] ExtensionService#_doActivateExtension vscode.github-authentication {"startup":false,"extensionId":{"value":"vscode.github-authentication","_lower":"vscode.github-authentication"},"activationEvent":"onAuthenticationRequest:github"}
[2021-05-16 23:20:08.863] [exthost] [info] ExtensionService#loadCommonJSModule file:///snap/code/65/usr/share/code/resources/app/extensions/github-authentication/dist/extension.js
[2021-05-16 23:31:35.674] [exthost] [info] extension host terminating: received terminate message from renderer
[2021-05-16 23:31:36.685] [exthost] [info] exiting with code 0
